<?xml version="1.0" encoding="UTF-8"?>
<!-- Generated by org.testng.reporters.JUnitXMLReporter -->
<testsuite hostname="Marcelas-MBP.fios-router.home" ignored="1" name="Default test" tests="2" failures="0" timestamp="2020-08-19T14:34:11 EDT" time="19.732" errors="0">
  <testcase name="verifyTitleTest" time="0.068" classname="com.qa.hotels.tests.ThreeStarHotelTest"/>
  <testcase name="verifyselectMyDestinationTest" time="4.478" classname="com.qa.hotels.tests.ThreeStarHotelTest"/>
  <testcase name="verifymyHiltonsTest" time="0.0" classname="com.qa.hotels.tests.ThreeStarHotelTest">
    <ignored/>
  </testcase> <!-- verifymyHiltonsTest -->
</testsuite> <!-- Default test -->
