<?xml version="1.0" encoding="UTF-8"?>
<testng-results skipped="0" failed="0" ignored="1" total="3" passed="2">
  <reporter-output>
  </reporter-output>
  <suite name="Default suite" duration-ms="19732" started-at="2020-08-19T14:33:52 EDT" finished-at="2020-08-19T14:34:11 EDT">
    <groups>
    </groups>
    <test name="Default test" duration-ms="19732" started-at="2020-08-19T14:33:52 EDT" finished-at="2020-08-19T14:34:11 EDT">
      <class name="com.qa.hotels.tests.ThreeStarHotelTest">
        <test-method status="PASS" signature="setUp()[pri:0, instance:com.qa.hotels.tests.ThreeStarHotelTest@1e802ef9]" name="setUp" is-config="true" duration-ms="14918" started-at="2020-08-19T14:33:52 EDT" finished-at="2020-08-19T14:34:07 EDT">
          <reporter-output>
          </reporter-output>
        </test-method> <!-- setUp -->
        <test-method status="PASS" signature="verifyTitleTest()[pri:1, instance:com.qa.hotels.tests.ThreeStarHotelTest@1e802ef9]" name="verifyTitleTest" duration-ms="68" started-at="2020-08-19T14:34:07 EDT" finished-at="2020-08-19T14:34:07 EDT">
          <reporter-output>
          </reporter-output>
        </test-method> <!-- verifyTitleTest -->
        <test-method status="PASS" signature="verifyselectMyDestinationTest()[pri:2, instance:com.qa.hotels.tests.ThreeStarHotelTest@1e802ef9]" name="verifyselectMyDestinationTest" duration-ms="4478" started-at="2020-08-19T14:34:07 EDT" finished-at="2020-08-19T14:34:11 EDT">
          <reporter-output>
          </reporter-output>
        </test-method> <!-- verifyselectMyDestinationTest -->
        <test-method status="PASS" signature="tearDown()[pri:0, instance:com.qa.hotels.tests.ThreeStarHotelTest@1e802ef9]" name="tearDown" is-config="true" duration-ms="120" started-at="2020-08-19T14:34:11 EDT" finished-at="2020-08-19T14:34:11 EDT">
          <reporter-output>
          </reporter-output>
        </test-method> <!-- tearDown -->
      </class> <!-- com.qa.hotels.tests.ThreeStarHotelTest -->
    </test> <!-- Default test -->
  </suite> <!-- Default suite -->
</testng-results>
